16:42:50 : CashCat Started!
16:42:50 : CashCat Searching for Config!
16:42:50 : CashCat found a Config!
16:42:51 : Starting File Rename Operations!
16:42:51 : Found: 15 to Encrypt!
16:42:51 : Encrypting: teste_ransom - Copia (10).txt!
16:42:51 : Encrypting: teste_ransom - Copia (11).txt!
16:42:51 : Encrypting: teste_ransom - Copia (12).txt!
16:42:51 : Encrypting: teste_ransom - Copia (13).txt!
16:42:51 : Encrypting: teste_ransom - Copia (14).txt!
16:42:51 : Encrypting: teste_ransom - Copia (2).txt!
16:42:51 : Encrypting: teste_ransom - Copia (3).txt!
16:42:51 : Encrypting: teste_ransom - Copia (4).txt!
16:42:51 : Encrypting: teste_ransom - Copia (5).txt!
16:42:51 : Encrypting: teste_ransom - Copia (6).txt!
16:42:51 : Encrypting: teste_ransom - Copia (7).txt!
16:42:51 : Encrypting: teste_ransom - Copia (8).txt!
16:42:51 : Encrypting: teste_ransom - Copia (9).txt!
16:42:51 : Encrypting: teste_ransom - Copia.txt!
16:42:52 : Encrypting: teste_ransom.txt!
16:42:52 : File Rename Operations COMPLETED!
16:42:56 : User Focused on BitcoinAddressField!
16:42:59 : Starting Unlock Rename Operations!
16:43:00 : Decrypting: teste_ransom - Copia (10).DIABLO6!
16:43:00 : Decrypting: teste_ransom - Copia (11).DIABLO6!
16:43:00 : Decrypting: teste_ransom - Copia (12).DIABLO6!
16:43:00 : Decrypting: teste_ransom - Copia (13).DIABLO6!
16:43:00 : Decrypting: teste_ransom - Copia (14).DIABLO6!
16:43:00 : Decrypting: teste_ransom - Copia (2).DIABLO6!
16:43:00 : Decrypting: teste_ransom - Copia (3).DIABLO6!
16:43:00 : Decrypting: teste_ransom - Copia (4).DIABLO6!
16:43:00 : Decrypting: teste_ransom - Copia (5).DIABLO6!
16:43:00 : Decrypting: teste_ransom - Copia (6).DIABLO6!
16:43:00 : Decrypting: teste_ransom - Copia (7).DIABLO6!
16:43:00 : Decrypting: teste_ransom - Copia (8).DIABLO6!
16:43:00 : Decrypting: teste_ransom - Copia (9).DIABLO6!
16:43:00 : Decrypting: teste_ransom - Copia.DIABLO6!
16:43:00 : Decrypting: teste_ransom.DIABLO6!
16:43:00 : Unlock Rename Operations Completed!
